0 info it worked if it ends with ok
1 verbose cli [ 'C:\\Program Files\\nodejs\\node.exe',
1 verbose cli   'C:\\Program Files\\nodejs\\node_modules\\npm\\bin\\npm-cli.js',
1 verbose cli   'start' ]
2 info using npm@3.3.12
3 info using node@v5.0.0
4 verbose run-script [ 'prestart', 'start', 'poststart' ]
5 info lifecycle angular2-workshop@1.0.0~prestart: angular2-workshop@1.0.0
6 silly lifecycle angular2-workshop@1.0.0~prestart: no script for prestart, continuing
7 info lifecycle angular2-workshop@1.0.0~start: angular2-workshop@1.0.0
8 verbose lifecycle angular2-workshop@1.0.0~start: unsafe-perm in lifecycle true
9 verbose lifecycle angular2-workshop@1.0.0~start: PATH: C:\Users\Mike\AppData\Roaming\nvm\v5.0.0\node_modules\npm\bin\node-gyp-bin;C:\Development\angular2-workshop\node_modules\.bin;C:\ProgramData\Oracle\Java\javapath;C:\windows\system32;C:\windows;C:\windows\System32\Wbem;C:\windows\System32\WindowsPowerShell\v1.0\;C:\ProgramData\chocolatey\bin;C:\Program Files\Java\jdk1.8.0_60\bin;C:\Program Files\TortoiseGit\bin;C:\Program Files\nvm;C:\Program Files\nodejs;C:\Users\Mike\.dnx\bin;C:\Program Files\Microsoft DNX\Dnvm\;C:\Program Files (x86)\Windows Kits\8.1\Windows Performance Toolkit\;C:\tools\python2;C:\Program Files\Git\cmd;C:\WINDOWS\system32;C:\WINDOWS;C:\WINDOWS\System32\Wbem;C:\WINDOWS\System32\WindowsPowerShell\v1.0\;C:\tools\cygwin;
10 verbose lifecycle angular2-workshop@1.0.0~start: CWD: C:\Development\angular2-workshop
11 silly lifecycle angular2-workshop@1.0.0~start: Args: [ '/d /s /c',
11 silly lifecycle   'webpack --watch --progress --colors --config webpack.config.js' ]
12 silly lifecycle angular2-workshop@1.0.0~start: Returned: code: 4294967295  signal: null
13 info lifecycle angular2-workshop@1.0.0~start: Failed to exec start script
14 verbose stack Error: angular2-workshop@1.0.0 start: `webpack --watch --progress --colors --config webpack.config.js`
14 verbose stack Exit status 4294967295
14 verbose stack     at EventEmitter.<anonymous> (C:\Users\Mike\AppData\Roaming\nvm\v5.0.0\node_modules\npm\lib\utils\lifecycle.js:232:16)
14 verbose stack     at emitTwo (events.js:87:13)
14 verbose stack     at EventEmitter.emit (events.js:172:7)
14 verbose stack     at ChildProcess.<anonymous> (C:\Users\Mike\AppData\Roaming\nvm\v5.0.0\node_modules\npm\lib\utils\spawn.js:24:14)
14 verbose stack     at emitTwo (events.js:87:13)
14 verbose stack     at ChildProcess.emit (events.js:172:7)
14 verbose stack     at maybeClose (internal/child_process.js:818:16)
14 verbose stack     at Process.ChildProcess._handle.onexit (internal/child_process.js:211:5)
15 verbose pkgid angular2-workshop@1.0.0
16 verbose cwd C:\Development\angular2-workshop
17 error Windows_NT 10.0.10586
18 error argv "C:\\Program Files\\nodejs\\node.exe" "C:\\Program Files\\nodejs\\node_modules\\npm\\bin\\npm-cli.js" "start"
19 error node v5.0.0
20 error npm  v3.3.12
21 error code ELIFECYCLE
22 error angular2-workshop@1.0.0 start: `webpack --watch --progress --colors --config webpack.config.js`
22 error Exit status 4294967295
23 error Failed at the angular2-workshop@1.0.0 start script 'webpack --watch --progress --colors --config webpack.config.js'.
23 error Make sure you have the latest version of node.js and npm installed.
23 error If you do, this is most likely a problem with the angular2-workshop package,
23 error not with npm itself.
23 error Tell the author that this fails on your system:
23 error     webpack --watch --progress --colors --config webpack.config.js
23 error You can get their info via:
23 error     npm owner ls angular2-workshop
23 error There is likely additional logging output above.
24 verbose exit [ 1, true ]
